-----------------------------
Beginning seeding process
-----------------------------

-----------------------------
Making API calls
-----------------------------

Gathered data:
327 Pokemon abilities.
20 Pokemon types.
1 Pokemons.

-----------------------------
Populating DB with data
-----------------------------

-Loading abilities-

Creating stench ability
Creating drizzle ability
Creating speed-boost ability
Creating battle-armor ability
Creating sturdy ability
Creating damp ability
Creating limber ability
Creating sand-veil ability
Creating static ability
Creating volt-absorb ability
Creating water-absorb ability
Creating oblivious ability
Creating cloud-nine ability
Creating compound-eyes ability
Creating insomnia ability
Creating color-change ability
Creating immunity ability
Creating flash-fire ability
Creating shield-dust ability
Creating own-tempo ability
Creating suction-cups ability
Creating intimidate ability
Creating shadow-tag ability
Creating rough-skin ability
Creating wonder-guard ability
Creating levitate ability
Creating effect-spore ability
Creating synchronize ability
Creating clear-body ability
Creating natural-cure ability
Creating lightning-rod ability
Creating serene-grace ability
Creating swift-swim ability
Creating chlorophyll ability
Creating illuminate ability
Creating trace ability
Creating huge-power ability
Creating poison-point ability
Creating inner-focus ability
Creating magma-armor ability
Creating water-veil ability
Creating magnet-pull ability
Creating soundproof ability
Creating rain-dish ability
Creating sand-stream ability
Creating pressure ability
Creating thick-fat ability
Creating early-bird ability
Creating flame-body ability
Creating run-away ability
Creating keen-eye ability
Creating hyper-cutter ability
Creating pickup ability
Creating truant ability
Creating hustle ability
Creating cute-charm ability
Creating plus ability
Creating minus ability
Creating forecast ability
Creating sticky-hold ability
Creating shed-skin ability
Creating guts ability
Creating marvel-scale ability
Creating liquid-ooze ability
Creating overgrow ability
Creating blaze ability
Creating torrent ability
Creating swarm ability
Creating rock-head ability
Creating drought ability
Creating arena-trap ability
Creating vital-spirit ability
Creating white-smoke ability
Creating pure-power ability
Creating shell-armor ability
Creating air-lock ability
Creating tangled-feet ability
Creating motor-drive ability
Creating rivalry ability
Creating steadfast ability
Creating snow-cloak ability
Creating gluttony ability
Creating anger-point ability
Creating unburden ability
Creating heatproof ability
Creating simple ability
Creating dry-skin ability
Creating download ability
Creating iron-fist ability
Creating poison-heal ability
Creating adaptability ability
Creating skill-link ability
Creating hydration ability
Creating solar-power ability
Creating quick-feet ability
Creating normalize ability
Creating sniper ability
Creating magic-guard ability
Creating no-guard ability
Creating stall ability
Creating technician ability
Creating leaf-guard ability
Creating klutz ability
Creating mold-breaker ability
Creating super-luck ability
Creating aftermath ability
Creating anticipation ability
Creating forewarn ability
Creating unaware ability
Creating tinted-lens ability
Creating filter ability
Creating slow-start ability
Creating scrappy ability
Creating storm-drain ability
Creating ice-body ability
Creating solid-rock ability
Creating snow-warning ability
Creating honey-gather ability
Creating frisk ability
Creating reckless ability
Creating multitype ability
Creating flower-gift ability
Creating bad-dreams ability
Creating pickpocket ability
Creating sheer-force ability
Creating contrary ability
Creating unnerve ability
Creating defiant ability
Creating defeatist ability
Creating cursed-body ability
Creating healer ability
Creating friend-guard ability
Creating weak-armor ability
Creating heavy-metal ability
Creating light-metal ability
Creating multiscale ability
Creating toxic-boost ability
Creating flare-boost ability
Creating harvest ability
Creating telepathy ability
Creating moody ability
Creating overcoat ability
Creating poison-touch ability
Creating regenerator ability
Creating big-pecks ability
Creating sand-rush ability
Creating wonder-skin ability
Creating analytic ability
Creating illusion ability
Creating imposter ability
Creating infiltrator ability
Creating mummy ability
Creating moxie ability
Creating justified ability
Creating rattled ability
Creating magic-bounce ability
Creating sap-sipper ability
Creating prankster ability
Creating sand-force ability
Creating iron-barbs ability
Creating zen-mode ability
Creating victory-star ability
Creating turboblaze ability
Creating teravolt ability
Creating aroma-veil ability
Creating flower-veil ability
Creating cheek-pouch ability
Creating protean ability
Creating fur-coat ability
Creating magician ability
Creating bulletproof ability
Creating competitive ability
Creating strong-jaw ability
Creating refrigerate ability
Creating sweet-veil ability
Creating stance-change ability
Creating gale-wings ability
Creating mega-launcher ability
Creating grass-pelt ability
Creating symbiosis ability
Creating tough-claws ability
Creating pixilate ability
Creating gooey ability
Creating aerilate ability
Creating parental-bond ability
Creating dark-aura ability
Creating fairy-aura ability
Creating aura-break ability
Creating primordial-sea ability
Creating desolate-land ability
Creating delta-stream ability
Creating stamina ability
Creating wimp-out ability
Creating emergency-exit ability
Creating water-compaction ability
Creating merciless ability
Creating shields-down ability
Creating stakeout ability
Creating water-bubble ability
Creating steelworker ability
Creating berserk ability
Creating slush-rush ability
Creating long-reach ability
Creating liquid-voice ability
Creating triage ability
Creating galvanize ability
Creating surge-surfer ability
Creating schooling ability
Creating disguise ability
Creating battle-bond ability
Creating power-construct ability
Creating corrosion ability
Creating comatose ability
Creating queenly-majesty ability
Creating innards-out ability
Creating dancer ability
Creating battery ability
Creating fluffy ability
Creating dazzling ability
Creating soul-heart ability
Creating tangling-hair ability
Creating receiver ability
Creating power-of-alchemy ability
Creating beast-boost ability
Creating rks-system ability
Creating electric-surge ability
Creating psychic-surge ability
Creating misty-surge ability
Creating grassy-surge ability
Creating full-metal-body ability
Creating shadow-shield ability
Creating prism-armor ability
Creating neuroforce ability
Creating intrepid-sword ability
Creating dauntless-shield ability
Creating libero ability
Creating ball-fetch ability
Creating cotton-down ability
Creating propeller-tail ability
Creating mirror-armor ability
Creating gulp-missile ability
Creating stalwart ability
Creating steam-engine ability
Creating punk-rock ability
Creating sand-spit ability
Creating ice-scales ability
Creating ripen ability
Creating ice-face ability
Creating power-spot ability
Creating mimicry ability
Creating screen-cleaner ability
Creating steely-spirit ability
Creating perish-body ability
Creating wandering-spirit ability
Creating gorilla-tactics ability
Creating neutralizing-gas ability
Creating pastel-veil ability
Creating hunger-switch ability
Creating quick-draw ability
Creating unseen-fist ability
Creating curious-medicine ability
Creating transistor ability
Creating dragons-maw ability
Creating chilling-neigh ability
Creating grim-neigh ability
Creating as-one-glastrier ability
Creating as-one-spectrier ability
Creating mountaineer ability
Creating wave-rider ability
Creating skater ability
Creating thrust ability
Creating perception ability
Creating parry ability
Creating instinct ability
Creating dodge ability
Creating jagged-edge ability
Creating frostbite ability
Creating tenacity ability
Creating pride ability
Creating deep-sleep ability
Creating power-nap ability
Creating spirit ability
Creating warm-blanket ability
Creating gulp ability
Creating herbivore ability
Creating sandpit ability
Creating hot-blooded ability
Creating medic ability
Creating life-force ability
Creating lunchbox ability
Creating nurse ability
Creating melee ability
Creating sponge ability
Creating bodyguard ability
Creating hero ability
Creating last-bastion ability
Creating stealth ability
Creating vanguard ability
Creating nomad ability
Creating sequence ability
Creating grass-cloak ability
Creating celebrate ability
Creating lullaby ability
Creating calming ability
Creating daze ability
Creating frighten ability
Creating interference ability
Creating mood-maker ability
Creating confidence ability
Creating fortune ability
Creating bonanza ability
Creating explode ability
Creating omnipotent ability
Creating share ability
Creating black-hole ability
Creating shadow-dash ability
Creating sprint ability
Creating disgust ability
Creating high-rise ability
Creating climber ability
Creating flame-boost ability
Creating aqua-boost ability
Creating run-up ability
Creating conqueror ability
Creating shackle ability
Creating decoy ability
Creating shield ability

Abilities created 327

-Loading types-

Creating normal type
Creating fighting type
Creating flying type
Creating poison type
Creating ground type
Creating rock type
Creating bug type
Creating ghost type
Creating steel type
Creating fire type
Creating water type
Creating grass type
Creating electric type
Creating psychic type
Creating ice type
Creating dragon type
Creating dark type
Creating fairy type
Creating unknown type
Creating shadow type

Types created 20

-Loading pokemons-

